Base path: C:/Program Files (x86)/Unity/Editor/Data
Pipe name: \\.\pipe\UnityShaderCompiler-2-5428
Cmd: getPlatforms
Cmd: compileSnippet
  api=8 type=0 insize=6976 outsize=1438 kw= ok=1
Cmd: compileSnippet
  api=1 type=1 insize=6972 outsize=647 kw= ok=1
Cmd: compileSnippet
  api=1 type=0 insize=6975 outsize=132 kw= ok=1
Cmd: compileSnippet
  api=8 type=0 insize=6975 outsize=1438 kw= ok=1
Cmd: compileSnippet
  api=1 type=0 insize=6984 outsize=132 kw= ok=1
Cmd: compileSnippet
  api=0 type=1 insize=6989 outsize=524 kw= ok=1
Cmd: compileSnippet
  api=1 type=1 insize=6980 outsize=445 kw= ok=1
Cmd: compileSnippet
  api=1 type=0 insize=1367 outsize=320 kw= ok=1
Cmd: compileSnippet
  error: 2 plat 4 at frag_ao.cginc(2): 'samples': array dimensions of function parameters must be explicit
  api=4 type=0 insize=1812 outsize=0 kw= ok=0
Cmd: compileSnippet
  api=1 type=0 insize=2076 outsize=204 kw= ok=1
Cmd: compileSnippet
  api=1 type=0 insize=2582 outsize=204 kw= ok=1
Cmd: compileSnippet
  api=1 type=0 insize=1799 outsize=249 kw= ok=1
Cmd: compileSnippet
  api=1 type=1 insize=1183 outsize=254 kw= ok=1
Cmd: compileSnippet
  api=8 type=0 insize=2000 outsize=1577 kw= ok=1
Cmd: compileSnippet
  api=8 type=1 insize=968 outsize=1503 kw= ok=1
Cmd: compileSnippet
  api=0 type=1 insize=1096 outsize=507 kw= ok=1
Cmd: compileSnippet
  api=0 type=1 insize=6110 outsize=379 kw= ok=1
Cmd: compileSnippet
  api=8 type=0 insize=6119 outsize=2275 kw= ok=1
Cmd: compileSnippet
  api=8 type=1 insize=6115 outsize=2820 kw= ok=1
Cmd: compileSnippet
  api=0 type=1 insize=6119 outsize=1124 kw= ok=1
Cmd: compileSnippet
  api=1 type=1 insize=6105 outsize=104 kw= ok=1
Cmd: compileSnippet
  api=8 type=1 insize=952 outsize=1869 kw= ok=1
Cmd: compileSnippet
  api=1 type=1 insize=1742 outsize=980 kw= ok=1
Cmd: compileSnippet
  api=1 type=1 insize=6827 outsize=1855 kw= ok=1
Cmd: compileSnippet
  api=0 type=1 insize=4129 outsize=1540 kw= ok=1
Cmd: compileSnippet
  error: 2 plat 8 at (0): Program 'fragDebug', error X4506: ps_4_0_level_9_1 input limit (8) exceeded, shader uses 9 inputs.
  api=8 type=1 insize=4135 outsize=0 kw= ok=0
Cmd: compileSnippet
  api=1 type=1 insize=3328 outsize=467 kw= ok=1
Unhandled exception: Readfile from pipe failed. GLE=The pipe has been ended.


Quitting shader compiler process
