Base path: C:/Program Files (x86)/Unity/Editor/Data
Pipe name: \\.\pipe\UnityShaderCompiler-6-7664
Cmd: getPlatforms
Cmd: compileSnippet
  api=8 type=1 insize=6976 outsize=2438 kw= ok=1
Cmd: compileSnippet
  api=8 type=0 insize=6972 outsize=1438 kw= ok=1
Cmd: compileSnippet
  api=8 type=0 insize=6975 outsize=1438 kw= ok=1
Cmd: compileSnippet
  api=0 type=0 insize=6984 outsize=328 kw= ok=1
Cmd: compileSnippet
  api=1 type=0 insize=6989 outsize=132 kw= ok=1
Cmd: compileSnippet
  api=1 type=0 insize=6982 outsize=132 kw= ok=1
Cmd: compileSnippet
  api=1 type=1 insize=6982 outsize=180 kw= ok=1
Cmd: compileSnippet
  api=0 type=0 insize=6987 outsize=328 kw= ok=1
Cmd: compileSnippet
  api=8 type=1 insize=10526 outsize=2560 kw= ok=1
Cmd: compileSnippet
  api=0 type=1 insize=10549 outsize=4483 kw= ok=1
Cmd: compileSnippet
  api=0 type=1 insize=10548 outsize=4547 kw= ok=1
Cmd: compileSnippet
  api=8 type=0 insize=995 outsize=1438 kw= ok=1
Cmd: compileSnippet
  api=8 type=0 insize=1377 outsize=1438 kw= ok=1
Cmd: compileSnippet
  api=8 type=1 insize=1377 outsize=837 kw= ok=1
Cmd: compileSnippet
  api=8 type=1 insize=1367 outsize=1812 kw= ok=1
Cmd: compileSnippet
  api=0 type=1 insize=1812 outsize=5009 kw= ok=1
Cmd: compileSnippet
  api=1 type=1 insize=2582 outsize=12689 kw= ok=1
Cmd: compileSnippet
  api=1 type=1 insize=2756 outsize=1336 kw= ok=1
Cmd: compileSnippet
  api=1 type=1 insize=1799 outsize=160 kw= ok=1
Cmd: compileSnippet
  api=0 type=0 insize=2000 outsize=375 kw= ok=1
Cmd: compileSnippet
  api=1 type=0 insize=1998 outsize=335 kw= ok=1
Cmd: compileSnippet
  api=0 type=0 insize=2011 outsize=561 kw= ok=1
Cmd: compileSnippet
  api=8 type=1 insize=2009 outsize=1187 kw= ok=1
Cmd: compileSnippet
  api=8 type=0 insize=6106 outsize=1438 kw= ok=1
Cmd: compileSnippet
  api=8 type=0 insize=6113 outsize=2275 kw= ok=1
Cmd: compileSnippet
  api=0 type=0 insize=6111 outsize=328 kw= ok=1
Cmd: compileSnippet
  api=8 type=1 insize=6111 outsize=1877 kw= ok=1
Cmd: compileSnippet
  api=1 type=0 insize=6115 outsize=335 kw= ok=1
Cmd: compileSnippet
  api=0 type=0 insize=952 outsize=428 kw= ok=1
Cmd: compileSnippet
  api=1 type=0 insize=1607 outsize=452 kw= ok=1
Cmd: compileSnippet
  api=1 type=0 insize=3672 outsize=450 kw= ok=1
Cmd: compileSnippet
  api=1 type=0 insize=6827 outsize=310 kw= ok=1
Cmd: compileSnippet
  api=0 type=0 insize=4129 outsize=847 kw= ok=1
Cmd: compileSnippet
  api=0 type=0 insize=4135 outsize=847 kw= ok=1
Cmd: compileSnippet
  api=0 type=1 insize=3328 outsize=729 kw= ok=1
Cmd: compileSnippet
  api=0 type=0 insize=1347 outsize=618 kw= ok=1
Cmd: compileSnippet
  api=8 type=1 insize=1347 outsize=2917 kw= ok=1
Cmd: compileSnippet
  api=0 type=1 insize=714 outsize=197 kw= ok=1
Unhandled exception: Readfile from pipe failed. GLE=The pipe has been ended.


Quitting shader compiler process
