Base path: C:/Program Files (x86)/Unity/Editor/Data
Pipe name: \\.\pipe\UnityShaderCompiler-7-8052
Cmd: getPlatforms
Cmd: compileSnippet
  api=0 type=1 insize=6972 outsize=909 kw= ok=1
Cmd: compileSnippet
  api=8 type=1 insize=6972 outsize=2332 kw= ok=1
Cmd: compileSnippet
  api=0 type=0 insize=6975 outsize=328 kw= ok=1
Cmd: compileSnippet
  api=8 type=1 insize=6975 outsize=2227 kw= ok=1
Cmd: compileSnippet
  api=0 type=0 insize=6980 outsize=328 kw= ok=1
Cmd: compileSnippet
  api=8 type=0 insize=6987 outsize=1438 kw= ok=1
Cmd: compileSnippet
  api=8 type=1 insize=6987 outsize=2519 kw= ok=1
Cmd: compileSnippet
  api=8 type=0 insize=10526 outsize=1438 kw= ok=1
Cmd: compileSnippet
  api=1 type=0 insize=995 outsize=132 kw= ok=1
Cmd: compileSnippet
  api=0 type=0 insize=1377 outsize=328 kw= ok=1
Cmd: compileSnippet
  api=8 type=0 insize=1367 outsize=1438 kw= ok=1
Cmd: compileSnippet
  api=1 type=0 insize=1812 outsize=204 kw= ok=1
Cmd: compileSnippet
  error: 2 plat 4 at frag_ao.cginc(2): 'samples': array dimensions of function parameters must be explicit
  api=4 type=1 insize=2756 outsize=0 kw= ok=0
Cmd: compileSnippet
  error: 2 plat 4 at frag_ao.cginc(2): 'samples': array dimensions of function parameters must be explicit
  api=4 type=0 insize=1799 outsize=0 kw= ok=0
Cmd: compileSnippet
  api=8 type=1 insize=1183 outsize=1983 kw= ok=1
Cmd: compileSnippet
  api=8 type=0 insize=2011 outsize=2324 kw= ok=1
Cmd: compileSnippet
  api=0 type=1 insize=6106 outsize=611 kw= ok=1
Cmd: compileSnippet
  api=1 type=0 insize=6119 outsize=379 kw= ok=1
Cmd: compileSnippet
  api=0 type=0 insize=6105 outsize=328 kw= ok=1
Cmd: compileSnippet
  api=0 type=0 insize=1742 outsize=671 kw= ok=1
Cmd: compileSnippet
  api=8 type=1 insize=1742 outsize=4818 kw= ok=1
Cmd: compileSnippet
  api=0 type=1 insize=32654 outsize=6 kw= ok=1
Cmd: compileSnippet
  api=0 type=1 insize=3672 outsize=6 kw= ok=1
Cmd: compileSnippet
  api=8 type=0 insize=4129 outsize=3088 kw= ok=1
Cmd: compileSnippet
  api=0 type=1 insize=4135 outsize=1165 kw= ok=1
Cmd: compileSnippet
  api=0 type=1 insize=3311 outsize=368 kw= ok=1
Cmd: compileSnippet
  api=0 type=1 insize=3319 outsize=569 kw= ok=1
Cmd: compileSnippet
  api=8 type=0 insize=3328 outsize=2909 kw= ok=1
Cmd: compileSnippet
  api=8 type=0 insize=3323 outsize=2909 kw= ok=1
Cmd: compileSnippet
  api=0 type=0 insize=714 outsize=328 kw= ok=1
Unhandled exception: Readfile from pipe failed. GLE=The pipe has been ended.


Quitting shader compiler process
